[LOG] System::create                           : Header version = 2.02.20. Current version = 2.02.20.
[LOG] Manager::init                            : maxchannels = 256 studioflags = 00000006 flags 00000000 extradriverdata 0000000000000000.
[LOG] SystemI::init                            : Initialize version=20220 (139317), maxchannels=256, flags=0x00020000
[LOG] SystemI::setOutputInternal               : Setting output to 'FMOD WASAPI Output'
[LOG] OutputWASAPI::init                       : Mix Format (WAVEFORMATEX): wFormatTag=0xFFFE, nChannels=2, nSamplesPerSec=48000, nAvgBytesPerSec=384000, nBlockAlign=8, wBitsPerSample=32, cbSize=22.
[LOG] OutputWASAPI::init                       : Mix Format (WAVEFORMATEXTENSIBLE): wValidBitsPerSample=32, dwChannelMask=0x00000003, SubFormat=00000003-0000-0010-8000-00AA00389B71.
[LOG] OutputWASAPI::init                       : Output buffer size: 4096 samples, latency: 0.00ms, period: 10.00ms, DSP buffer: 1024 * 4
[LOG] Thread::initThread                       : Init FMOD stream thread. Affinity: 0x4000000000000003, Priority: 0xFFFF7FFB, Stack Size: 98304, Semaphore: No, Sleep Time: 10, Looping: Yes.
[LOG] Thread::initThread                       : Init FMOD mixer thread. Affinity: 0x4000000000000001, Priority: 0xFFFF7FFA, Stack Size: 81920, Semaphore: No, Sleep Time: 0, Looping: Yes.
[LOG] AsyncManager::init                       : manager 0000018A760CD858 isAsync 0 updatePeriod 0.02
[LOG] AsyncManager::init                       : done
[LOG] PlaybackSystem::init                     : 
[LOG] Thread::initThread                       : Init FMOD Studio sample load thread. Affinity: 0x4000000000000003, Priority: 0xFFFF7FFD, Stack Size: 98304, Semaphore: No, Sleep Time: 1, Looping: No.
[LOG] PlaybackSystem::init                     : done
[LOG] Thread::initThread                       : Init FMOD Studio bank load thread. Affinity: 0x4000000000000003, Priority: 0xFFFF7FFD, Stack Size: 98304, Semaphore: No, Sleep Time: 1, Looping: No.
[LOG] Manager::init                            : done.
[LOG] Manager::readBank                        : fileversion = 142, compatVersion = 140 (oldest = 44, newest = 142)
[LOG] Manager::readBank                        : fileversion = 142, compatVersion = 140 (oldest = 44, newest = 142)
[LOG] Manager::readBank                        : fileversion = 142, compatVersion = 140 (oldest = 44, newest = 142)
[LOG] PlaybackSystem::acquireMasterBus         : Setting master channel group format to 6
[LOG] SystemI::createSoundInternal             : Create name='', mode=0x02000202
[LOG] SystemI::createSoundInternal             : exinfo->cbsize             = 224
[LOG] SystemI::createSoundInternal             : exinfo->length             = 736640
[LOG] SystemI::createSoundInternal             : exinfo->fileoffset         = 9344
[LOG] SystemI::createSoundInternal             : exinfo->numsubsounds       = 1
[LOG] SystemI::createSoundInternal             : exinfo->inclusionlist      = 00000025CE11F228
[LOG] SystemI::createSoundInternal             : exinfo->inclusionlistnum   = 1
[LOG] SystemI::createSoundInternal             : exinfo->suggestedsoundtype = 5
[LOG] SystemI::createSoundInternal             : exinfo->useropen           = 00007FFA61A53F70
[LOG] SystemI::createSoundInternal             : exinfo->userclose          = 00007FFA61A53F30
[LOG] SystemI::createSoundInternal             : exinfo->userread           = 00007FFA61A54050
[LOG] SystemI::createSoundInternal             : exinfo->userseek           = 00007FFA61A54110
[LOG] SystemI::createSoundInternal             : exinfo->fileuserdata       = 000001898E05F568
[LOG] SystemI::createSoundInternal             : exinfo->initialseekpostype = 1
[LOG] SystemI::DSPCodecPoolRegister            : register codec pool for pool type 5
[LOG] SystemI::createSoundInternal             : Sample 0/1: name='WorkBoots_S08FS.587', format=5, channels=2, frequency=48000, lengthbytes=4320, lengthpcm=27312, pcmblocksize=0, loopstart=0, loopend=0, mode=0x00000000, channelmask=0x00000000, channelorder=0, peakvolume=0.421497.
[LOG] SystemI::createSoundInternal             : Create name='', mode=0x02000202
[LOG] SystemI::createSoundInternal             : exinfo->cbsize             = 224
[LOG] SystemI::createSoundInternal             : exinfo->length             = 736640
[LOG] SystemI::createSoundInternal             : exinfo->fileoffset         = 9344
[LOG] SystemI::createSoundInternal             : exinfo->numsubsounds       = 1
[LOG] SystemI::createSoundInternal             : exinfo->inclusionlist      = 00000025CE11F228
[LOG] SystemI::createSoundInternal             : exinfo->inclusionlistnum   = 1
[LOG] SystemI::createSoundInternal             : exinfo->suggestedsoundtype = 5
[LOG] SystemI::createSoundInternal             : exinfo->useropen           = 00007FFA61A53F70
[LOG] SystemI::createSoundInternal             : exinfo->userclose          = 00007FFA61A53F30
[LOG] SystemI::createSoundInternal             : exinfo->userread           = 00007FFA61A54050
[LOG] SystemI::createSoundInternal             : exinfo->userseek           = 00007FFA61A54110
[LOG] SystemI::createSoundInternal             : exinfo->fileuserdata       = 000001898E05F568
[LOG] SystemI::createSoundInternal             : exinfo->initialseekpostype = 1
[LOG] SystemI::DSPCodecPoolRegister            : register codec pool for pool type 5
[LOG] SystemI::createSoundInternal             : Sample 0/1: name='WorkBoots_S08FS.594', format=5, channels=2, frequency=48000, lengthbytes=6016, lengthpcm=31362, pcmblocksize=0, loopstart=0, loopend=0, mode=0x00000000, channelmask=0x00000000, channelorder=0, peakvolume=0.576727.
[LOG] SystemI::createSoundInternal             : Create name='', mode=0x02000202
[LOG] SystemI::createSoundInternal             : exinfo->cbsize             = 224
[LOG] SystemI::createSoundInternal             : exinfo->length             = 736640
[LOG] SystemI::createSoundInternal             : exinfo->fileoffset         = 9344
[LOG] SystemI::createSoundInternal             : exinfo->numsubsounds       = 1
[LOG] SystemI::createSoundInternal             : exinfo->inclusionlist      = 00000025CE11F228
[LOG] SystemI::createSoundInternal             : exinfo->inclusionlistnum   = 1
[LOG] SystemI::createSoundInternal             : exinfo->suggestedsoundtype = 5
[LOG] SystemI::createSoundInternal             : exinfo->useropen           = 00007FFA61A53F70
[LOG] SystemI::createSoundInternal             : exinfo->userclose          = 00007FFA61A53F30
[LOG] SystemI::createSoundInternal             : exinfo->userread           = 00007FFA61A54050
[LOG] SystemI::createSoundInternal             : exinfo->userseek           = 00007FFA61A54110
[LOG] SystemI::createSoundInternal             : exinfo->fileuserdata       = 000001898E05F568
[LOG] SystemI::createSoundInternal             : exinfo->initialseekpostype = 1
[LOG] SystemI::DSPCodecPoolRegister            : register codec pool for pool type 5
[LOG] SystemI::createSoundInternal             : Sample 0/1: name='WorkBoots_S08FS.595', format=5, channels=2, frequency=48000, lengthbytes=4896, lengthpcm=34941, pcmblocksize=0, loopstart=0, loopend=0, mode=0x00000000, channelmask=0x00000000, channelorder=0, peakvolume=0.810958.
[LOG] SystemI::createSoundInternal             : Create name='', mode=0x02000202
[LOG] SystemI::createSoundInternal             : exinfo->cbsize             = 224
[LOG] SystemI::createSoundInternal             : exinfo->length             = 736640
[LOG] SystemI::createSoundInternal             : exinfo->fileoffset         = 9344
[LOG] SystemI::createSoundInternal             : exinfo->numsubsounds       = 1
[LOG] SystemI::createSoundInternal             : exinfo->inclusionlist      = 00000025CE11F228
[LOG] SystemI::createSoundInternal             : exinfo->inclusionlistnum   = 1
[LOG] SystemI::createSoundInternal             : exinfo->suggestedsoundtype = 5
[LOG] SystemI::createSoundInternal             : exinfo->useropen           = 00007FFA61A53F70
[LOG] SystemI::createSoundInternal             : exinfo->userclose          = 00007FFA61A53F30
[LOG] SystemI::createSoundInternal             : exinfo->userread           = 00007FFA61A54050
[LOG] SystemI::createSoundInternal             : exinfo->userseek           = 00007FFA61A54110
[LOG] SystemI::createSoundInternal             : exinfo->fileuserdata       = 000001898E05F568
[LOG] SystemI::createSoundInternal             : exinfo->initialseekpostype = 1
[LOG] SystemI::DSPCodecPoolRegister            : register codec pool for pool type 5
[LOG] SystemI::createSoundInternal             : Sample 0/1: name='WorkBoots_S08FS.591', format=5, channels=2, frequency=48000, lengthbytes=13760, lengthpcm=67758, pcmblocksize=0, loopstart=0, loopend=0, mode=0x00000000, channelmask=0x00000000, channelorder=0, peakvolume=0.114157.
[LOG] SystemI::createSoundInternal             : Create name='', mode=0x02000202
[LOG] SystemI::createSoundInternal             : exinfo->cbsize             = 224
[LOG] SystemI::createSoundInternal             : exinfo->length             = 736640
[LOG] SystemI::createSoundInternal             : exinfo->fileoffset         = 9344
[LOG] SystemI::createSoundInternal             : exinfo->numsubsounds       = 1
[LOG] SystemI::createSoundInternal             : exinfo->inclusionlist      = 00000025CE11F228
[LOG] SystemI::createSoundInternal             : exinfo->inclusionlistnum   = 1
[LOG] SystemI::createSoundInternal             : exinfo->suggestedsoundtype = 5
[LOG] SystemI::createSoundInternal             : exinfo->useropen           = 00007FFA61A53F70
[LOG] SystemI::createSoundInternal             : exinfo->userclose          = 00007FFA61A53F30
[LOG] SystemI::createSoundInternal             : exinfo->userread           = 00007FFA61A54050
[LOG] SystemI::createSoundInternal             : exinfo->userseek           = 00007FFA61A54110
[LOG] SystemI::createSoundInternal             : exinfo->fileuserdata       = 000001898E05F568
[LOG] SystemI::createSoundInternal             : exinfo->initialseekpostype = 1
[LOG] SystemI::DSPCodecPoolRegister            : register codec pool for pool type 5
[LOG] SystemI::createSoundInternal             : Sample 0/1: name='WorkBoots_S08FS.592', format=5, channels=2, frequency=48000, lengthbytes=14112, lengthpcm=69210, pcmblocksize=0, loopstart=0, loopend=0, mode=0x00000000, channelmask=0x00000000, channelorder=0, peakvolume=0.184309.
[LOG] SystemI::createSoundInternal             : Create name='', mode=0x02000202
[LOG] SystemI::createSoundInternal             : exinfo->cbsize             = 224
[LOG] SystemI::createSoundInternal             : exinfo->length             = 736640
[LOG] SystemI::createSoundInternal             : exinfo->fileoffset         = 9344
[LOG] SystemI::createSoundInternal             : exinfo->numsubsounds       = 1
[LOG] SystemI::createSoundInternal             : exinfo->inclusionlist      = 00000025CE11F228
[LOG] SystemI::createSoundInternal             : exinfo->inclusionlistnum   = 1
[LOG] SystemI::createSoundInternal             : exinfo->suggestedsoundtype = 5
[LOG] SystemI::createSoundInternal             : exinfo->useropen           = 00007FFA61A53F70
[LOG] SystemI::createSoundInternal             : exinfo->userclose          = 00007FFA61A53F30
[LOG] SystemI::createSoundInternal             : exinfo->userread           = 00007FFA61A54050
[LOG] SystemI::createSoundInternal             : exinfo->userseek           = 00007FFA61A54110
[LOG] SystemI::createSoundInternal             : exinfo->fileuserdata       = 000001898E0583F8
[LOG] SystemI::createSoundInternal             : exinfo->initialseekpostype = 1
[LOG] SystemI::DSPCodecPoolRegister            : register codec pool for pool type 5
[LOG] SystemI::createSoundInternal             : Sample 0/1: name='FOOTSTEPS_FOOTBALL_BOOTS_CONCRETE_STEP05', format=5, channels=1, frequency=48000, lengthbytes=4480, lengthpcm=21917, pcmblocksize=0, loopstart=0, loopend=0, mode=0x00000000, channelmask=0x00000000, channelorder=0, peakvolume=0.300018.
[LOG] SystemI::createSoundInternal             : Create name='', mode=0x02000202
[LOG] SystemI::createSoundInternal             : exinfo->cbsize             = 224
[LOG] SystemI::createSoundInternal             : exinfo->length             = 736640
[LOG] SystemI::createSoundInternal             : exinfo->fileoffset         = 9344
[LOG] SystemI::createSoundInternal             : exinfo->numsubsounds       = 1
[LOG] SystemI::createSoundInternal             : exinfo->inclusionlist      = 00000025CE11F228
[LOG] SystemI::createSoundInternal             : exinfo->inclusionlistnum   = 1
[LOG] SystemI::createSoundInternal             : exinfo->suggestedsoundtype = 5
[LOG] SystemI::createSoundInternal             : exinfo->useropen           = 00007FFA61A53F70
[LOG] SystemI::createSoundInternal             : exinfo->userclose          = 00007FFA61A53F30
[LOG] SystemI::createSoundInternal             : exinfo->userread           = 00007FFA61A54050
[LOG] SystemI::createSoundInternal             : exinfo->userseek           = 00007FFA61A54110
[LOG] SystemI::createSoundInternal             : exinfo->fileuserdata       = 000001898E0583F8
[LOG] SystemI::createSoundInternal             : exinfo->initialseekpostype = 1
[LOG] SystemI::DSPCodecPoolRegister            : register codec pool for pool type 5
[LOG] SystemI::createSoundInternal             : Sample 0/1: name='FOOTSTEPS_FOOTBALL_BOOTS_CONCRETE_STEP06', format=5, channels=1, frequency=48000, lengthbytes=4192, lengthpcm=20915, pcmblocksize=0, loopstart=0, loopend=0, mode=0x00000000, channelmask=0x00000000, channelorder=0, peakvolume=0.299988.
[LOG] SystemI::createSoundInternal             : Create name='', mode=0x02000202
[LOG] SystemI::createSoundInternal             : exinfo->cbsize             = 224
[LOG] SystemI::createSoundInternal             : exinfo->length             = 736640
[LOG] SystemI::createSoundInternal             : exinfo->fileoffset         = 9344
[LOG] SystemI::createSoundInternal             : exinfo->numsubsounds       = 1
[LOG] SystemI::createSoundInternal             : exinfo->inclusionlist      = 00000025CE11F228
[LOG] SystemI::createSoundInternal             : exinfo->inclusionlistnum   = 1
[LOG] SystemI::createSoundInternal             : exinfo->suggestedsoundtype = 5
[LOG] SystemI::createSoundInternal             : exinfo->useropen           = 00007FFA61A53F70
[LOG] SystemI::createSoundInternal             : exinfo->userclose          = 00007FFA61A53F30
[LOG] SystemI::createSoundInternal             : exinfo->userread           = 00007FFA61A54050
[LOG] SystemI::createSoundInternal             : exinfo->userseek           = 00007FFA61A54110
[LOG] SystemI::createSoundInternal             : exinfo->fileuserdata       = 000001898E0583F8
[LOG] SystemI::createSoundInternal             : exinfo->initialseekpostype = 1
[LOG] SystemI::DSPCodecPoolRegister            : register codec pool for pool type 5
[LOG] SystemI::createSoundInternal             : Sample 0/1: name='FOOTSTEPS_FOOTBALL_BOOTS_CONCRETE_STEP03', format=5, channels=1, frequency=48000, lengthbytes=2752, lengthpcm=14607, pcmblocksize=0, loopstart=0, loopend=0, mode=0x00000000, channelmask=0x00000000, channelorder=0, peakvolume=0.299988.
[LOG] SystemI::createSoundInternal             : Create name='', mode=0x02000202
[LOG] SystemI::createSoundInternal             : exinfo->cbsize             = 224
[LOG] SystemI::createSoundInternal             : exinfo->length             = 736640
[LOG] SystemI::createSoundInternal             : exinfo->fileoffset         = 9344
[LOG] SystemI::createSoundInternal             : exinfo->numsubsounds       = 1
[LOG] SystemI::createSoundInternal             : exinfo->inclusionlist      = 00000025CE11F228
[LOG] SystemI::createSoundInternal             : exinfo->inclusionlistnum   = 1
[LOG] SystemI::createSoundInternal             : exinfo->suggestedsoundtype = 5
[LOG] SystemI::createSoundInternal             : exinfo->useropen           = 00007FFA61A53F70
[LOG] SystemI::createSoundInternal             : exinfo->userclose          = 00007FFA61A53F30
[LOG] SystemI::createSoundInternal             : exinfo->userread           = 00007FFA61A54050
[LOG] SystemI::createSoundInternal             : exinfo->userseek           = 00007FFA61A54110
[LOG] SystemI::createSoundInternal             : exinfo->fileuserdata       = 000001898E0583F8
[LOG] SystemI::createSoundInternal             : exinfo->initialseekpostype = 1
[LOG] SystemI::DSPCodecPoolRegister            : register codec pool for pool type 5
[LOG] SystemI::createSoundInternal             : Sample 0/1: name='FOOTSTEPS_FOOTBALL_BOOTS_CONCRETE_STEP02', format=5, channels=1, frequency=48000, lengthbytes=3040, lengthpcm=16214, pcmblocksize=0, loopstart=0, loopend=0, mode=0x00000000, channelmask=0x00000000, channelorder=0, peakvolume=0.299988.
[LOG] SystemI::createSoundInternal             : Create name='', mode=0x02000202
[LOG] SystemI::createSoundInternal             : exinfo->cbsize             = 224
[LOG] SystemI::createSoundInternal             : exinfo->length             = 736640
[LOG] SystemI::createSoundInternal             : exinfo->fileoffset         = 9344
[LOG] SystemI::createSoundInternal             : exinfo->numsubsounds       = 1
[LOG] SystemI::createSoundInternal             : exinfo->inclusionlist      = 00000025CE11F228
[LOG] SystemI::createSoundInternal             : exinfo->inclusionlistnum   = 1
[LOG] SystemI::createSoundInternal             : exinfo->suggestedsoundtype = 5
[LOG] SystemI::createSoundInternal             : exinfo->useropen           = 00007FFA61A53F70
[LOG] SystemI::createSoundInternal             : exinfo->userclose          = 00007FFA61A53F30
[LOG] SystemI::createSoundInternal             : exinfo->userread           = 00007FFA61A54050
[LOG] SystemI::createSoundInternal             : exinfo->userseek           = 00007FFA61A54110
[LOG] SystemI::createSoundInternal             : exinfo->fileuserdata       = 000001898E0583F8
[LOG] SystemI::createSoundInternal             : exinfo->initialseekpostype = 1
[LOG] SystemI::DSPCodecPoolRegister            : register codec pool for pool type 5
[LOG] SystemI::createSoundInternal             : Sample 0/1: name='FOOTSTEPS_FOOTBALL_BOOTS_CONCRETE_STEP07', format=5, channels=1, frequency=48000, lengthbytes=4064, lengthpcm=19653, pcmblocksize=0, loopstart=0, loopend=0, mode=0x00000000, channelmask=0x00000000, channelorder=0, peakvolume=0.299988.
[LOG] SystemI::createSoundInternal             : Create name='', mode=0x02000202
[LOG] SystemI::createSoundInternal             : exinfo->cbsize             = 224
[LOG] SystemI::createSoundInternal             : exinfo->length             = 736640
[LOG] SystemI::createSoundInternal             : exinfo->fileoffset         = 9344
[LOG] SystemI::createSoundInternal             : exinfo->numsubsounds       = 1
[LOG] SystemI::createSoundInternal             : exinfo->inclusionlist      = 00000025CE11F228
[LOG] SystemI::createSoundInternal             : exinfo->inclusionlistnum   = 1
[LOG] SystemI::createSoundInternal             : exinfo->suggestedsoundtype = 5
[LOG] SystemI::createSoundInternal             : exinfo->useropen           = 00007FFA61A53F70
[LOG] SystemI::createSoundInternal             : exinfo->userclose          = 00007FFA61A53F30
[LOG] SystemI::createSoundInternal             : exinfo->userread           = 00007FFA61A54050
[LOG] SystemI::createSoundInternal             : exinfo->userseek           = 00007FFA61A54110
[LOG] SystemI::createSoundInternal             : exinfo->fileuserdata       = 000001898E0583F8
[LOG] SystemI::createSoundInternal             : exinfo->initialseekpostype = 1
[LOG] SystemI::DSPCodecPoolRegister            : register codec pool for pool type 5
[LOG] SystemI::createSoundInternal             : Sample 0/1: name='FOOTSTEPS_FOOTBALL_BOOTS_CONCRETE_STEP01', format=5, channels=1, frequency=48000, lengthbytes=4064, lengthpcm=21340, pcmblocksize=0, loopstart=0, loopend=0, mode=0x00000000, channelmask=0x00000000, channelorder=0, peakvolume=0.300018.
[LOG] SystemI::createSoundInternal             : Create name='', mode=0x02000202
[LOG] SystemI::createSoundInternal             : exinfo->cbsize             = 224
[LOG] SystemI::createSoundInternal             : exinfo->length             = 736640
[LOG] SystemI::createSoundInternal             : exinfo->fileoffset         = 9344
[LOG] SystemI::createSoundInternal             : exinfo->numsubsounds       = 1
[LOG] SystemI::createSoundInternal             : exinfo->inclusionlist      = 00000025CE11F228
[LOG] SystemI::createSoundInternal             : exinfo->inclusionlistnum   = 1
[LOG] SystemI::createSoundInternal             : exinfo->suggestedsoundtype = 5
[LOG] SystemI::createSoundInternal             : exinfo->useropen           = 00007FFA61A53F70
[LOG] SystemI::createSoundInternal             : exinfo->userclose          = 00007FFA61A53F30
[LOG] SystemI::createSoundInternal             : exinfo->userread           = 00007FFA61A54050
[LOG] SystemI::createSoundInternal             : exinfo->userseek           = 00007FFA61A54110
[LOG] SystemI::createSoundInternal             : exinfo->fileuserdata       = 000001898E0583F8
[LOG] SystemI::createSoundInternal             : exinfo->initialseekpostype = 1
[LOG] SystemI::DSPCodecPoolRegister            : register codec pool for pool type 5
[LOG] SystemI::createSoundInternal             : Sample 0/1: name='FOOTSTEPS_FOOTBALL_BOOTS_CONCRETE_STEP04', format=5, channels=1, frequency=48000, lengthbytes=4800, lengthpcm=22944, pcmblocksize=0, loopstart=0, loopend=0, mode=0x00000000, channelmask=0x00000000, channelorder=0, peakvolume=0.300018.
[LOG] SystemI::createSoundInternal             : Create name='', mode=0x02000202
[LOG] SystemI::createSoundInternal             : exinfo->cbsize             = 224
[LOG] SystemI::createSoundInternal             : exinfo->length             = 736640
[LOG] SystemI::createSoundInternal             : exinfo->fileoffset         = 9344
[LOG] SystemI::createSoundInternal             : exinfo->numsubsounds       = 1
[LOG] SystemI::createSoundInternal             : exinfo->inclusionlist      = 00000025CE11F228
[LOG] SystemI::createSoundInternal             : exinfo->inclusionlistnum   = 1
[LOG] SystemI::createSoundInternal             : exinfo->suggestedsoundtype = 5
[LOG] SystemI::createSoundInternal             : exinfo->useropen           = 00007FFA61A53F70
[LOG] SystemI::createSoundInternal             : exinfo->userclose          = 00007FFA61A53F30
[LOG] SystemI::createSoundInternal             : exinfo->userread           = 00007FFA61A54050
[LOG] SystemI::createSoundInternal             : exinfo->userseek           = 00007FFA61A54110
[LOG] SystemI::createSoundInternal             : exinfo->fileuserdata       = 000001898E0583F8
[LOG] SystemI::createSoundInternal             : exinfo->initialseekpostype = 1
[LOG] SystemI::DSPCodecPoolRegister            : register codec pool for pool type 5
[LOG] SystemI::createSoundInternal             : Sample 0/1: name='FOOTSTEPS_FOOTBALL_BOOTS_CONCRETE_STEP08', format=5, channels=1, frequency=48000, lengthbytes=5024, lengthpcm=25173, pcmblocksize=0, loopstart=0, loopend=0, mode=0x00000000, channelmask=0x00000000, channelorder=0, peakvolume=0.300018.
[LOG] SoundI::release                          : Ominous_Boiler_Room_ISS.005 (00000189BBE39E58)
[LOG] SoundI::release                          :     Ominous_Boiler_Room_ISS.005 (0000018A403E1CF8)
[LOG] SoundI::release                          :     Ominous_Boiler_Room_ISS.005 (00000189BBE3D2A8)
[LOG] SoundI::release                          :  (00000187B4309118)
[LOG] SoundI::release                          :     FOOTSTEPS_FOOTBALL_BOOTS_CONCRETE_STEP01 (00000189B189A8D8)
[LOG] SoundI::release                          :  (00000187B4309C98)
[LOG] SoundI::release                          :     FOOTSTEPS_FOOTBALL_BOOTS_CONCRETE_STEP02 (00000189B189CC98)
[LOG] SoundI::release                          :  (00000187B4308FA8)
[LOG] SoundI::release                          :     FOOTSTEPS_FOOTBALL_BOOTS_CONCRETE_STEP03 (00000189B189CAF8)
[LOG] SoundI::release                          :  (00000187B43093F8)
[LOG] SoundI::release                          :     FOOTSTEPS_FOOTBALL_BOOTS_CONCRETE_STEP04 (00000189B189A598)
[LOG] SoundI::release                          :  (00000187B430A6A8)
[LOG] SoundI::release                          :     FOOTSTEPS_FOOTBALL_BOOTS_CONCRETE_STEP05 (00000189B189A3F8)
[LOG] SoundI::release                          :  (00000187B430A0E8)
[LOG] SoundI::release                          :     FOOTSTEPS_FOOTBALL_BOOTS_CONCRETE_STEP06 (00000189B189DB38)
[LOG] SoundI::release                          :  (00000187B4308CC8)
[LOG] SoundI::release                          :     FOOTSTEPS_FOOTBALL_BOOTS_CONCRETE_STEP07 (00000189B189B298)
[LOG] SoundI::release                          :  (00000187B430AC68)
[LOG] SoundI::release                          :     FOOTSTEPS_FOOTBALL_BOOTS_CONCRETE_STEP08 (00000189B189AF58)
[LOG] SoundI::release                          :  (00000187B4306038)
[LOG] SoundI::release                          :     WorkBoots_S08FS.587 (0000018A403E1198)
[LOG] SoundI::release                          :  (00000187B43072E8)
[LOG] SoundI::release                          :     WorkBoots_S08FS.591 (0000018A403E1B58)
[LOG] SoundI::release                          :  (00000187B4306488)
[LOG] SoundI::release                          :     WorkBoots_S08FS.592 (0000018A403E0E58)
[LOG] SoundI::release                          :  (00000187B43061A8)
[LOG] SoundI::release                          :     WorkBoots_S08FS.594 (0000018A403E1338)
[LOG] SoundI::release                          :  (00000187B4306BB8)
[LOG] SoundI::release                          :     WorkBoots_S08FS.595 (0000018A403E1818)
[LOG] Thread::callback                         : FMOD Studio update thread finished.
[LOG] Thread::callback                         : FMOD Studio bank load thread finished.
[LOG] Profile::disconnectAll                   : Profiler disconnecting all clients
[LOG] Thread::callback                         : FMOD Studio sample load thread finished.
[LOG] LiveUpdate::release                      : 
[LOG] LiveUpdate::reset                        : Reset connection (reason Disconnected)
[LOG] Thread::callback                         : FMOD stream thread finished.
[LOG] Thread::callback                         : FMOD mixer thread finished.
[LOG] Profile::disconnectAll                   : Profiler disconnecting all clients
[LOG] SystemI::close                           : Closed.
[LOG] Thread::callback                         : FMOD Studio bank load thread finished.
[LOG] Thread::callback                         : FMOD Studio sample load thread finished.
[LOG] LiveUpdate::release                      : 
[LOG] LiveUpdate::reset                        : Reset connection (reason Disconnected)
[LOG] Thread::callback                         : FMOD stream thread finished.
[LOG] Thread::callback                         : FMOD mixer thread finished.
[LOG] SystemI::close                           : Closed.
[LOG] Thread::callback                         : FMOD nonblocking thread (0) finished.
[LOG] Thread::callback                         : FMOD file thread finished.
